<?xml version="1.0" encoding="UTF-8"?>
<testsuite name="edu.bsu.cs.HigherOrderFunctionsLearningTest" tests="12" skipped="0" failures="0" errors="0" timestamp="2021-05-02T21:32:32" hostname="DESKTOP-94OQA6K" time="0.23">
  <properties/>
  <testcase name="testMap()" classname="edu.bsu.cs.HigherOrderFunctionsLearningTest" time="0.013"/>
  <testcase name="testCountChangesByMonth()" classname="edu.bsu.cs.HigherOrderFunctionsLearningTest" time="0.184"/>
  <testcase name="testCountChangesInFebruary()" classname="edu.bsu.cs.HigherOrderFunctionsLearningTest" time="0.009"/>
  <testcase name="testCountNonBots()" classname="edu.bsu.cs.HigherOrderFunctionsLearningTest" time="0.005"/>
  <testcase name="testReadRevisions()" classname="edu.bsu.cs.HigherOrderFunctionsLearningTest" time="0.002"/>
  <testcase name="testCollect()" classname="edu.bsu.cs.HigherOrderFunctionsLearningTest" time="0.0"/>
  <testcase name="testCountByDate()" classname="edu.bsu.cs.HigherOrderFunctionsLearningTest" time="0.003"/>
  <testcase name="testDistinct()" classname="edu.bsu.cs.HigherOrderFunctionsLearningTest" time="0.001"/>
  <testcase name="testFilter()" classname="edu.bsu.cs.HigherOrderFunctionsLearningTest" time="0.0"/>
  <testcase name="testDetermineMostActiveMonth()" classname="edu.bsu.cs.HigherOrderFunctionsLearningTest" time="0.005"/>
  <testcase name="testConcatEven()" classname="edu.bsu.cs.HigherOrderFunctionsLearningTest" time="0.001"/>
  <testcase name="testCountWhitelisted()" classname="edu.bsu.cs.HigherOrderFunctionsLearningTest" time="0.004"/>
  <system-out><![CDATA[]]></system-out>
  <system-err><![CDATA[]]></system-err>
</testsuite>
